0 info it worked if it ends with ok
1 verbose cli [ 'C:\\Program Files\\nodejs\\node.exe',
1 verbose cli   'C:\\Program Files\\nodejs\\node_modules\\npm\\bin\\npm-cli.js',
1 verbose cli   'i',
1 verbose cli   '--save',
1 verbose cli   'node-wit' ]
2 info using npm@3.10.3
3 info using node@v6.3.1
4 silly loadCurrentTree Starting
5 silly install loadCurrentTree
6 silly install readLocalPackageData
7 silly fetchPackageMetaData node-wit
8 silly fetchNamedPackageData node-wit
9 silly mapToRegistry name node-wit
10 silly mapToRegistry using default registry
11 silly mapToRegistry registry https://registry.npmjs.org/
12 silly mapToRegistry data Result {
12 silly mapToRegistry   raw: 'node-wit',
12 silly mapToRegistry   scope: null,
12 silly mapToRegistry   escapedName: 'node-wit',
12 silly mapToRegistry   name: 'node-wit',
12 silly mapToRegistry   rawSpec: '',
12 silly mapToRegistry   spec: 'latest',
12 silly mapToRegistry   type: 'tag' }
13 silly mapToRegistry uri https://registry.npmjs.org/node-wit
14 verbose request uri https://registry.npmjs.org/node-wit
15 verbose request no auth needed
16 info attempt registry request try #1 at 4:11:43 PM
17 verbose request id 1906b73e853eb75a
18 http request GET https://registry.npmjs.org/node-wit
19 http 200 https://registry.npmjs.org/node-wit
20 verbose headers { server: 'CouchDB/1.6.1 (Erlang OTP/R16B03)',
20 verbose headers   etag: '"5N91KGO90KLFUANVBDHG2V94"',
20 verbose headers   'content-type': 'application/json',
20 verbose headers   'content-encoding': 'gzip',
20 verbose headers   'cache-control': 'max-age=300',
20 verbose headers   'content-length': '5580',
20 verbose headers   'accept-ranges': 'bytes',
20 verbose headers   date: 'Sun, 07 Aug 2016 22:11:50 GMT',
20 verbose headers   via: '1.1 varnish',
20 verbose headers   age: '0',
20 verbose headers   connection: 'keep-alive',
20 verbose headers   'x-served-by': 'cache-sea1925-SEA',
20 verbose headers   'x-cache': 'MISS',
20 verbose headers   'x-cache-hits': '0',
20 verbose headers   'x-timer': 'S1470607910.317697,VS0,VE86',
20 verbose headers   vary: 'Accept-Encoding' }
21 silly get cb [ 200,
21 silly get   { server: 'CouchDB/1.6.1 (Erlang OTP/R16B03)',
21 silly get     etag: '"5N91KGO90KLFUANVBDHG2V94"',
21 silly get     'content-type': 'application/json',
21 silly get     'content-encoding': 'gzip',
21 silly get     'cache-control': 'max-age=300',
21 silly get     'content-length': '5580',
21 silly get     'accept-ranges': 'bytes',
21 silly get     date: 'Sun, 07 Aug 2016 22:11:50 GMT',
21 silly get     via: '1.1 varnish',
21 silly get     age: '0',
21 silly get     connection: 'keep-alive',
21 silly get     'x-served-by': 'cache-sea1925-SEA',
21 silly get     'x-cache': 'MISS',
21 silly get     'x-cache-hits': '0',
21 silly get     'x-timer': 'S1470607910.317697,VS0,VE86',
21 silly get     vary: 'Accept-Encoding' } ]
22 verbose get saving node-wit to C:\Users\Nora\AppData\Roaming\npm-cache\registry.npmjs.org\node-wit\.cache.json
23 verbose correctMkdir C:\Users\Nora\AppData\Roaming\npm-cache correctMkdir not in flight; initializing
24 silly install normalizeTree
25 silly loadCurrentTree Finishing
26 silly loadIdealTree Starting
27 silly install loadIdealTree
28 silly cloneCurrentTree Starting
29 silly install cloneCurrentTreeToIdealTree
30 silly cloneCurrentTree Finishing
31 silly loadShrinkwrap Starting
32 silly install loadShrinkwrap
33 silly loadShrinkwrap Finishing
34 silly loadAllDepsIntoIdealTree Starting
35 silly install loadAllDepsIntoIdealTree
36 silly rollbackFailedOptional Starting
37 silly rollbackFailedOptional Finishing
38 silly runTopLevelLifecycles Starting
39 silly runTopLevelLifecycles Finishing
40 silly install printInstalled
41 verbose stack Error: Refusing to install node-wit as a dependency of itself
41 verbose stack     at checkSelf (C:\Users\Nora\AppData\Roaming\nvm\v6.3.1\node_modules\npm\lib\install\validate-args.js:53:14)
41 verbose stack     at Array.<anonymous> (C:\Users\Nora\AppData\Roaming\nvm\v6.3.1\node_modules\npm\node_modules\slide\lib\bind-actor.js:15:8)
41 verbose stack     at LOOP (C:\Users\Nora\AppData\Roaming\nvm\v6.3.1\node_modules\npm\node_modules\slide\lib\chain.js:15:14)
41 verbose stack     at chain (C:\Users\Nora\AppData\Roaming\nvm\v6.3.1\node_modules\npm\node_modules\slide\lib\chain.js:20:5)
41 verbose stack     at C:\Users\Nora\AppData\Roaming\nvm\v6.3.1\node_modules\npm\lib\install\validate-args.js:16:5
41 verbose stack     at C:\Users\Nora\AppData\Roaming\nvm\v6.3.1\node_modules\npm\node_modules\slide\lib\async-map.js:52:35
41 verbose stack     at Array.forEach (native)
41 verbose stack     at C:\Users\Nora\AppData\Roaming\nvm\v6.3.1\node_modules\npm\node_modules\slide\lib\async-map.js:52:11
41 verbose stack     at Array.forEach (native)
41 verbose stack     at asyncMap (C:\Users\Nora\AppData\Roaming\nvm\v6.3.1\node_modules\npm\node_modules\slide\lib\async-map.js:51:8)
42 verbose cwd C:\source\projects\test-wit\node-wit
43 error Windows_NT 10.0.10586
44 error argv "C:\\Program Files\\nodejs\\node.exe" "C:\\Program Files\\nodejs\\node_modules\\npm\\bin\\npm-cli.js" "i" "--save" "node-wit"
45 error node v6.3.1
46 error npm  v3.10.3
47 error code ENOSELF
48 error Refusing to install node-wit as a dependency of itself
49 error If you need help, you may report this error at:
49 error     <https://github.com/npm/npm/issues>
50 verbose exit [ 1, true ]
